node:internal/modules/cjs/loader:1143
  throw err;
  ^

Error: Cannot find module 'next'
Require stack:
- /home/janagrou/janaweb/server.js
- /usr/local/lsws/fcgi-bin/lsnode.js
    at Module._resolveFilename (node:internal/modules/cjs/loader:1140:15)
    at Module._load (node:internal/modules/cjs/loader:981:27)
    at Module.require (node:internal/modules/cjs/loader:1231:19)
    at require (node:internal/modules/helpers:177:18)
    at Object.<anonymous> (/home/janagrou/janaweb/server.js:4:14)
    at Module._compile (node:internal/modules/cjs/loader:1364:14)
    at Module._extensions..js (node:internal/modules/cjs/loader:1422:10)
    at Module.load (node:internal/modules/cjs/loader:1203:32)
    at Module._load (node:internal/modules/cjs/loader:1019:12)
    at Module.require (node:internal/modules/cjs/loader:1231:19) {
  code: 'MODULE_NOT_FOUND',
  requireStack: [
    '/home/janagrou/janaweb/server.js',
    '/usr/local/lsws/fcgi-bin/lsnode.js'
  ]
}

Node.js v18.20.4
node:internal/modules/cjs/loader:1143
  throw err;
  ^

Error: Cannot find module 'next'
Require stack:
- /home/janagrou/janaweb/server.js
- /usr/local/lsws/fcgi-bin/lsnode.js
    at Module._resolveFilename (node:internal/modules/cjs/loader:1140:15)
    at Module._load (node:internal/modules/cjs/loader:981:27)
    at Module.require (node:internal/modules/cjs/loader:1231:19)
    at require (node:internal/modules/helpers:177:18)
    at Object.<anonymous> (/home/janagrou/janaweb/server.js:4:14)
    at Module._compile (node:internal/modules/cjs/loader:1364:14)
    at Module._extensions..js (node:internal/modules/cjs/loader:1422:10)
    at Module.load (node:internal/modules/cjs/loader:1203:32)
    at Module._load (node:internal/modules/cjs/loader:1019:12)
    at Module.require (node:internal/modules/cjs/loader:1231:19) {
  code: 'MODULE_NOT_FOUND',
  requireStack: [
    '/home/janagrou/janaweb/server.js',
    '/usr/local/lsws/fcgi-bin/lsnode.js'
  ]
}

Node.js v18.20.4
/home/janagrou/nodevenv/janaweb/18/lib/node_modules/next/dist/server/lib/router-utils/filesystem.js:151
            throw new Error(`Could not find a production build in the '${opts.config.distDir}' directory. Try building your app with 'next build' before starting the production server. https://nextjs.org/docs/messages/production-start-no-build-id`);
                  ^

Error: Could not find a production build in the '.next' directory. Try building your app with 'next build' before starting the production server. https://nextjs.org/docs/messages/production-start-no-build-id
    at setupFsCheck (/home/janagrou/nodevenv/janaweb/18/lib/node_modules/next/dist/server/lib/router-utils/filesystem.js:151:19)
    at async initialize (/home/janagrou/nodevenv/janaweb/18/lib/node_modules/next/dist/server/lib/router-server.js:61:23)
    at async NextCustomServer.prepare (/home/janagrou/nodevenv/janaweb/18/lib/node_modules/next/dist/server/next.js:242:28)

Node.js v18.20.4
/home/janagrou/nodevenv/janaweb/18/lib/node_modules/next/dist/server/lib/router-utils/filesystem.js:151
            throw new Error(`Could not find a production build in the '${opts.config.distDir}' directory. Try building your app with 'next build' before starting the production server. https://nextjs.org/docs/messages/production-start-no-build-id`);
                  ^

Error: Could not find a production build in the '.next' directory. Try building your app with 'next build' before starting the production server. https://nextjs.org/docs/messages/production-start-no-build-id
    at setupFsCheck (/home/janagrou/nodevenv/janaweb/18/lib/node_modules/next/dist/server/lib/router-utils/filesystem.js:151:19)
    at async initialize (/home/janagrou/nodevenv/janaweb/18/lib/node_modules/next/dist/server/lib/router-server.js:61:23)
    at async NextCustomServer.prepare (/home/janagrou/nodevenv/janaweb/18/lib/node_modules/next/dist/server/next.js:242:28)

Node.js v18.20.4
/home/janagrou/nodevenv/janaweb/18/lib/node_modules/next/dist/server/lib/router-utils/filesystem.js:151
            throw new Error(`Could not find a production build in the '${opts.config.distDir}' directory. Try building your app with 'next build' before starting the production server. https://nextjs.org/docs/messages/production-start-no-build-id`);
                  ^

Error: Could not find a production build in the '.next' directory. Try building your app with 'next build' before starting the production server. https://nextjs.org/docs/messages/production-start-no-build-id
    at setupFsCheck (/home/janagrou/nodevenv/janaweb/18/lib/node_modules/next/dist/server/lib/router-utils/filesystem.js:151:19)
    at async initialize (/home/janagrou/nodevenv/janaweb/18/lib/node_modules/next/dist/server/lib/router-server.js:61:23)
    at async NextCustomServer.prepare (/home/janagrou/nodevenv/janaweb/18/lib/node_modules/next/dist/server/next.js:242:28)

Node.js v18.20.4
/home/janagrou/nodevenv/janaweb/18/lib/node_modules/next/dist/server/lib/router-utils/filesystem.js:151
            throw new Error(`Could not find a production build in the '${opts.config.distDir}' directory. Try building your app with 'next build' before starting the production server. https://nextjs.org/docs/messages/production-start-no-build-id`);
                  ^

Error: Could not find a production build in the '.next' directory. Try building your app with 'next build' before starting the production server. https://nextjs.org/docs/messages/production-start-no-build-id
    at setupFsCheck (/home/janagrou/nodevenv/janaweb/18/lib/node_modules/next/dist/server/lib/router-utils/filesystem.js:151:19)
    at async initialize (/home/janagrou/nodevenv/janaweb/18/lib/node_modules/next/dist/server/lib/router-server.js:61:23)
    at async NextCustomServer.prepare (/home/janagrou/nodevenv/janaweb/18/lib/node_modules/next/dist/server/next.js:242:28)

Node.js v18.20.4
/home/janagrou/nodevenv/janaweb/18/lib/node_modules/next/dist/server/lib/router-utils/filesystem.js:151
            throw new Error(`Could not find a production build in the '${opts.config.distDir}' directory. Try building your app with 'next build' before starting the production server. https://nextjs.org/docs/messages/production-start-no-build-id`);
                  ^

Error: Could not find a production build in the '.next' directory. Try building your app with 'next build' before starting the production server. https://nextjs.org/docs/messages/production-start-no-build-id
    at setupFsCheck (/home/janagrou/nodevenv/janaweb/18/lib/node_modules/next/dist/server/lib/router-utils/filesystem.js:151:19)
    at async initialize (/home/janagrou/nodevenv/janaweb/18/lib/node_modules/next/dist/server/lib/router-server.js:61:23)
    at async NextCustomServer.prepare (/home/janagrou/nodevenv/janaweb/18/lib/node_modules/next/dist/server/next.js:242:28)

Node.js v18.20.4
/home/janagrou/nodevenv/janaweb/18/lib/node_modules/next/dist/server/lib/router-utils/filesystem.js:151
            throw new Error(`Could not find a production build in the '${opts.config.distDir}' directory. Try building your app with 'next build' before starting the production server. https://nextjs.org/docs/messages/production-start-no-build-id`);
                  ^

Error: Could not find a production build in the '.next' directory. Try building your app with 'next build' before starting the production server. https://nextjs.org/docs/messages/production-start-no-build-id
    at setupFsCheck (/home/janagrou/nodevenv/janaweb/18/lib/node_modules/next/dist/server/lib/router-utils/filesystem.js:151:19)
    at async initialize (/home/janagrou/nodevenv/janaweb/18/lib/node_modules/next/dist/server/lib/router-server.js:61:23)
    at async NextCustomServer.prepare (/home/janagrou/nodevenv/janaweb/18/lib/node_modules/next/dist/server/next.js:242:28)

Node.js v18.20.4
